M[][] =
    0,     0,     0,     0,     0, 
    0,     0,     0,     0,     0, 
    0,     0,     0,     0,     0, 
    0,     0,     0,     0,     0, 
    0,     0,     0,     0,     0, 
diagonalIndex = 1
---  0,  1,  2  ---  smaller!      200 < 2147483647
Choose k = 0
M[][] =
    0,   200,     0,     0,     0, 
    0,     0,     0,     0,     0, 
    0,     0,     0,     0,     0, 
    0,     0,     0,     0,     0, 
    0,     0,     0,     0,     0, 
---  1,  2,  3  ---  smaller!      400 < 2147483647
Choose k = 1
M[][] =
    0,   200,     0,     0,     0, 
    0,     0,   400,     0,     0, 
    0,     0,     0,     0,     0, 
    0,     0,     0,     0,     0, 
    0,     0,     0,     0,     0, 
---  2,  3,  4  ---  smaller!      200 < 2147483647
Choose k = 2
M[][] =
    0,   200,     0,     0,     0, 
    0,     0,   400,     0,     0, 
    0,     0,     0,   200,     0, 
    0,     0,     0,     0,     0, 
    0,     0,     0,     0,     0, 
---  3,  4,  5  ---  smaller!      2000 < 2147483647
Choose k = 3
M[][] =
    0,   200,     0,     0,     0, 
    0,     0,   400,     0,     0, 
    0,     0,     0,   200,     0, 
    0,     0,     0,     0,  2000, 
    0,     0,     0,     0,     0, 
diagonalIndex = 2
---  0,  1,  3  ---  smaller!      1200 < 2147483647
---  0,  2,  3  ---  NOT smaller!      1200 > 1200
Choose k = 0
M[][] =
    0,   200,  1200,     0,     0, 
    0,     0,   400,     0,     0, 
    0,     0,     0,   200,     0, 
    0,     0,     0,     0,  2000, 
    0,     0,     0,     0,     0, 
---  1,  2,  4  ---  smaller!      240 < 2147483647
---  1,  3,  4  ---  NOT smaller!      560 > 240
Choose k = 1
M[][] =
    0,   200,  1200,     0,     0, 
    0,     0,   400,   240,     0, 
    0,     0,     0,   200,     0, 
    0,     0,     0,     0,  2000, 
    0,     0,     0,     0,     0, 
---  2,  3,  5  ---  smaller!      7000 < 2147483647
---  2,  4,  5  ---  smaller!      700 < 7000
Choose k = 3
M[][] =
    0,   200,  1200,     0,     0, 
    0,     0,   400,   240,     0, 
    0,     0,     0,   200,   700, 
    0,     0,     0,     0,  2000, 
    0,     0,     0,     0,     0, 
diagonalIndex = 3
---  0,  1,  4  ---  smaller!      320 < 2147483647
---  0,  2,  4  ---  NOT smaller!      500 > 320
---  0,  3,  4  ---  NOT smaller!      1600 > 320
Choose k = 0
M[][] =
    0,   200,  1200,   320,     0, 
    0,     0,   400,   240,     0, 
    0,     0,     0,   200,   700, 
    0,     0,     0,     0,  2000, 
    0,     0,     0,     0,     0, 
---  1,  2,  5  ---  smaller!      1700 < 2147483647
---  1,  3,  5  ---  NOT smaller!      6400 > 1700
---  1,  4,  5  ---  smaller!      640 < 1700
Choose k = 3
M[][] =
    0,   200,  1200,   320,     0, 
    0,     0,   400,   240,   640, 
    0,     0,     0,   200,   700, 
    0,     0,     0,     0,  2000, 
    0,     0,     0,     0,     0, 
diagonalIndex = 4
---  0,  1,  5  ---  smaller!      2640 < 2147483647
---  0,  2,  5  ---  NOT smaller!      3400 > 2640
---  0,  3,  5  ---  NOT smaller!      13200 > 2640
---  0,  4,  5  ---  smaller!      1320 < 2640
Choose k = 3
M[][] =
    0,   200,  1200,   320,  1320, 
    0,     0,   400,   240,   640, 
    0,     0,     0,   200,   700, 
    0,     0,     0,     0,  2000, 
    0,     0,     0,     0,     0, 
P[][] by the exercise's indexing =
    0,     1,     1,     1,     4, 
    0,     0,     2,     2,     4, 
    0,     0,     0,     3,     4, 
    0,     0,     0,     0,     4, 
    0,     0,     0,     0,     0, 
multiplication order by the exercise's indexing =
((A1(A2(A3A4)))A5)
FINISH!!!
(*￣▽￣)/‧☆*"`'*-.,_,.-*'`"*-.,_☆
